C:\Users\AEGS\Documents\GitHub\I-Progra-Bases-Datos\ProyectoBases\ProyectoBases\dist\out-tsc\app\app.component.js
C:\Users\AEGS\Documents\GitHub\I-Progra-Bases-Datos\ProyectoBases\ProyectoBases\dist\out-tsc\app\app.component.js.map
C:\Users\AEGS\Documents\GitHub\I-Progra-Bases-Datos\ProyectoBases\ProyectoBases\dist\out-tsc\app\home\home.component.js
C:\Users\AEGS\Documents\GitHub\I-Progra-Bases-Datos\ProyectoBases\ProyectoBases\dist\out-tsc\app\home\home.component.js.map
C:\Users\AEGS\Documents\GitHub\I-Progra-Bases-Datos\ProyectoBases\ProyectoBases\dist\out-tsc\app\shared\notification\notification.service.js
C:\Users\AEGS\Documents\GitHub\I-Progra-Bases-Datos\ProyectoBases\ProyectoBases\dist\out-tsc\app\shared\notification\notification.service.js.map
C:\Users\AEGS\Documents\GitHub\I-Progra-Bases-Datos\ProyectoBases\ProyectoBases\dist\out-tsc\app\shared\variable.service.js
C:\Users\AEGS\Documents\GitHub\I-Progra-Bases-Datos\ProyectoBases\ProyectoBases\dist\out-tsc\app\shared\variable.service.js.map
C:\Users\AEGS\Documents\GitHub\I-Progra-Bases-Datos\ProyectoBases\ProyectoBases\dist\out-tsc\app\login\login.component.js
C:\Users\AEGS\Documents\GitHub\I-Progra-Bases-Datos\ProyectoBases\ProyectoBases\dist\out-tsc\app\login\login.component.js.map
C:\Users\AEGS\Documents\GitHub\I-Progra-Bases-Datos\ProyectoBases\ProyectoBases\dist\out-tsc\app\usuario\usuario.js
C:\Users\AEGS\Documents\GitHub\I-Progra-Bases-Datos\ProyectoBases\ProyectoBases\dist\out-tsc\app\usuario\usuario.js.map
C:\Users\AEGS\Documents\GitHub\I-Progra-Bases-Datos\ProyectoBases\ProyectoBases\dist\out-tsc\app\usuario\grupo.js
C:\Users\AEGS\Documents\GitHub\I-Progra-Bases-Datos\ProyectoBases\ProyectoBases\dist\out-tsc\app\usuario\grupo.js.map
C:\Users\AEGS\Documents\GitHub\I-Progra-Bases-Datos\ProyectoBases\ProyectoBases\dist\out-tsc\app\usuario\usuario.service.js
C:\Users\AEGS\Documents\GitHub\I-Progra-Bases-Datos\ProyectoBases\ProyectoBases\dist\out-tsc\app\usuario\usuario.service.js.map
C:\Users\AEGS\Documents\GitHub\I-Progra-Bases-Datos\ProyectoBases\ProyectoBases\dist\out-tsc\app\registro\registro.component.js
C:\Users\AEGS\Documents\GitHub\I-Progra-Bases-Datos\ProyectoBases\ProyectoBases\dist\out-tsc\app\registro\registro.component.js.map
C:\Users\AEGS\Documents\GitHub\I-Progra-Bases-Datos\ProyectoBases\ProyectoBases\dist\out-tsc\app\shared\menu\menu.component.js
C:\Users\AEGS\Documents\GitHub\I-Progra-Bases-Datos\ProyectoBases\ProyectoBases\dist\out-tsc\app\shared\menu\menu.component.js.map
C:\Users\AEGS\Documents\GitHub\I-Progra-Bases-Datos\ProyectoBases\ProyectoBases\dist\out-tsc\app\usuario\usuario.component.js
C:\Users\AEGS\Documents\GitHub\I-Progra-Bases-Datos\ProyectoBases\ProyectoBases\dist\out-tsc\app\usuario\usuario.component.js.map
C:\Users\AEGS\Documents\GitHub\I-Progra-Bases-Datos\ProyectoBases\ProyectoBases\dist\out-tsc\app\registro-notas\registro-notas.component.js
C:\Users\AEGS\Documents\GitHub\I-Progra-Bases-Datos\ProyectoBases\ProyectoBases\dist\out-tsc\app\registro-notas\registro-notas.component.js.map
C:\Users\AEGS\Documents\GitHub\I-Progra-Bases-Datos\ProyectoBases\ProyectoBases\dist\out-tsc\app\router.config.js
C:\Users\AEGS\Documents\GitHub\I-Progra-Bases-Datos\ProyectoBases\ProyectoBases\dist\out-tsc\app\router.config.js.map
C:\Users\AEGS\Documents\GitHub\I-Progra-Bases-Datos\ProyectoBases\ProyectoBases\dist\out-tsc\app\shared\notification\notification.component.js
C:\Users\AEGS\Documents\GitHub\I-Progra-Bases-Datos\ProyectoBases\ProyectoBases\dist\out-tsc\app\shared\notification\notification.component.js.map
C:\Users\AEGS\Documents\GitHub\I-Progra-Bases-Datos\ProyectoBases\ProyectoBases\dist\out-tsc\app\usuario\usuario-contenido\usuario-contenido.component.js
C:\Users\AEGS\Documents\GitHub\I-Progra-Bases-Datos\ProyectoBases\ProyectoBases\dist\out-tsc\app\usuario\usuario-contenido\usuario-contenido.component.js.map
C:\Users\AEGS\Documents\GitHub\I-Progra-Bases-Datos\ProyectoBases\ProyectoBases\dist\out-tsc\app\app.module.js
C:\Users\AEGS\Documents\GitHub\I-Progra-Bases-Datos\ProyectoBases\ProyectoBases\dist\out-tsc\app\app.module.js.map
C:\Users\AEGS\Documents\GitHub\I-Progra-Bases-Datos\ProyectoBases\ProyectoBases\dist\out-tsc\environments\environment.js
C:\Users\AEGS\Documents\GitHub\I-Progra-Bases-Datos\ProyectoBases\ProyectoBases\dist\out-tsc\environments\environment.js.map
C:\Users\AEGS\Documents\GitHub\I-Progra-Bases-Datos\ProyectoBases\ProyectoBases\dist\out-tsc\main.js
C:\Users\AEGS\Documents\GitHub\I-Progra-Bases-Datos\ProyectoBases\ProyectoBases\dist\out-tsc\main.js.map
C:\Users\AEGS\Documents\GitHub\I-Progra-Bases-Datos\ProyectoBases\ProyectoBases\dist\out-tsc\polyfills.js
C:\Users\AEGS\Documents\GitHub\I-Progra-Bases-Datos\ProyectoBases\ProyectoBases\dist\out-tsc\polyfills.js.map
C:\Users\AEGS\Documents\GitHub\I-Progra-Bases-Datos\ProyectoBases\ProyectoBases\dist\out-tsc\environments\environment.prod.js
C:\Users\AEGS\Documents\GitHub\I-Progra-Bases-Datos\ProyectoBases\ProyectoBases\dist\out-tsc\environments\environment.prod.js.map
